\BOOKMARK [0][-]{chapter*.7}{List of Figures}{}% 1
\BOOKMARK [0][-]{chapter.1}{Introduction}{}% 2
\BOOKMARK [1][-]{section.1.1}{Motivation}{chapter.1}% 3
\BOOKMARK [1][-]{section.1.2}{History}{chapter.1}% 4
\BOOKMARK [1][-]{section.1.3}{Algorithms}{chapter.1}% 5
\BOOKMARK [0][-]{chapter.2}{Preparation}{}% 6
\BOOKMARK [1][-]{section.2.1}{Computer characteristics}{chapter.2}% 7
\BOOKMARK [1][-]{section.2.2}{Programming language choice}{chapter.2}% 8
\BOOKMARK [1][-]{section.2.3}{Knowledge necessary}{chapter.2}% 9
\BOOKMARK [1][-]{section.2.4}{Complexity analysis}{chapter.2}% 10
\BOOKMARK [1][-]{section.2.5}{TSP types}{chapter.2}% 11
\BOOKMARK [1][-]{section.2.6}{Algorithm overview}{chapter.2}% 12
\BOOKMARK [1][-]{section.2.7}{Algorithm types}{chapter.2}% 13
\BOOKMARK [2][-]{subsection.2.7.1}{Exact algorithms}{section.2.7}% 14
\BOOKMARK [2][-]{subsection.2.7.2}{Approximation algorithms}{section.2.7}% 15
\BOOKMARK [2][-]{subsection.2.7.3}{Improvement algorithms}{section.2.7}% 16
\BOOKMARK [2][-]{subsection.2.7.4}{Heuristic algorithms}{section.2.7}% 17
\BOOKMARK [2][-]{subsection.2.7.5}{Local search algorithms}{section.2.7}% 18
\BOOKMARK [1][-]{section.2.8}{Tested Data Sets}{chapter.2}% 19
\BOOKMARK [0][-]{chapter.3}{Implementation}{}% 20
\BOOKMARK [1][-]{section.3.1}{Exact algorithms}{chapter.3}% 21
\BOOKMARK [2][-]{subsection.3.1.1}{Bruteforce algorithm}{section.3.1}% 22
\BOOKMARK [2][-]{subsection.3.1.2}{Held-Karp algorithm}{section.3.1}% 23
\BOOKMARK [2][-]{subsection.3.1.3}{Branch and bound algorithm}{section.3.1}% 24
\BOOKMARK [1][-]{section.3.2}{Approximation algorithms}{chapter.3}% 25
\BOOKMARK [2][-]{subsection.3.2.1}{2-approximation algorithm}{section.3.2}% 26
\BOOKMARK [2][-]{subsection.3.2.2}{Christofides algorithm}{section.3.2}% 27
\BOOKMARK [1][-]{section.3.3}{Improvement algorithms}{chapter.3}% 28
\BOOKMARK [2][-]{subsection.3.3.1}{k-opt algorithm}{section.3.3}% 29
\BOOKMARK [2][-]{subsection.3.3.2}{Lin-Kernighan heuristic algorithm}{section.3.3}% 30
\BOOKMARK [1][-]{section.3.4}{Heuristic algorithms}{chapter.3}% 31
\BOOKMARK [2][-]{subsection.3.4.1}{Random algorithm}{section.3.4}% 32
\BOOKMARK [2][-]{subsection.3.4.2}{Nearest neighbour \(greedy\) - algorithm}{section.3.4}% 33
\BOOKMARK [2][-]{subsection.3.4.3}{Insertion heuristics}{section.3.4}% 34
\BOOKMARK [1][-]{section.3.5}{Local search algorithms}{chapter.3}% 35
\BOOKMARK [2][-]{subsection.3.5.1}{Ant colony optimisation algorithm}{section.3.5}% 36
\BOOKMARK [0][-]{chapter.4}{Evaluation}{}% 37
\BOOKMARK [1][-]{section.4.1}{A priori knowledge}{chapter.4}% 38
\BOOKMARK [1][-]{section.4.2}{Data sets}{chapter.4}% 39
\BOOKMARK [1][-]{section.4.3}{Evaluation procedure}{chapter.4}% 40
\BOOKMARK [1][-]{section.4.4}{Custom comparisons}{chapter.4}% 41
\BOOKMARK [2][-]{subsection.4.4.1}{Exact algorithm comparison}{section.4.4}% 42
\BOOKMARK [2][-]{subsection.4.4.2}{k-opt implementation comparison}{section.4.4}% 43
\BOOKMARK [2][-]{subsection.4.4.3}{Approximation algorithms comparison}{section.4.4}% 44
\BOOKMARK [2][-]{subsection.4.4.4}{Insertion heuristics}{section.4.4}% 45
\BOOKMARK [1][-]{section.4.5}{Comparison of the best algorithms}{chapter.4}% 46
\BOOKMARK [0][-]{chapter.5}{Conclusion}{}% 47
\BOOKMARK [0][-]{chapter.5}{Bibliography}{}% 48
\BOOKMARK [0][-]{chapter*.28}{Bibliography}{}% 49
\BOOKMARK [0][-]{appendix.A}{Project Proposal}{}% 50
